<?xml version="1.0" encoding="UTF-8"?>
<testsuite xmlns:xsi="http://www.w3.org/2001/XMLSchema-instance" xsi:noNamespaceSchemaLocation="https://maven.apache.org/surefire/maven-surefire-plugin/xsd/surefire-test-report.xsd" name="co.com.almundo.pruebas.TestUnitario" time="50.016" tests="2" errors="0" skipped="0" failures="0">
  <properties>
    <property name="sun.desktop" value="windows"/>
    <property name="awt.toolkit" value="sun.awt.windows.WToolkit"/>
    <property name="file.encoding.pkg" value="sun.io"/>
    <property name="java.specification.version" value="1.8"/>
    <property name="sun.cpu.isalist" value="amd64"/>
    <property name="sun.jnu.encoding" value="Cp1252"/>
    <property name="java.class.path" value="C:\Users\cochoa\Documents\NetBeansProjects\EjercicioAlMundo\target\test-classes;C:\Users\cochoa\Documents\NetBeansProjects\EjercicioAlMundo\target\classes;C:\Users\cochoa\.m2\repository\org\junit\jupiter\junit-jupiter\5.5.0-M1\junit-jupiter-5.5.0-M1.jar;C:\Users\cochoa\.m2\repository\org\junit\jupiter\junit-jupiter-api\5.5.0-M1\junit-jupiter-api-5.5.0-M1.jar;C:\Users\cochoa\.m2\repository\org\apiguardian\apiguardian-api\1.0.0\apiguardian-api-1.0.0.jar;C:\Users\cochoa\.m2\repository\org\opentest4j\opentest4j\1.1.1\opentest4j-1.1.1.jar;C:\Users\cochoa\.m2\repository\org\junit\platform\junit-platform-commons\1.5.0-M1\junit-platform-commons-1.5.0-M1.jar;C:\Users\cochoa\.m2\repository\org\junit\jupiter\junit-jupiter-params\5.5.0-M1\junit-jupiter-params-5.5.0-M1.jar;C:\Users\cochoa\.m2\repository\org\junit\jupiter\junit-jupiter-engine\5.5.0-M1\junit-jupiter-engine-5.5.0-M1.jar;C:\Users\cochoa\.m2\repository\org\junit\platform\junit-platform-engine\1.5.0-M1\junit-platform-engine-1.5.0-M1.jar;"/>
    <property name="java.vm.vendor" value="Oracle Corporation"/>
    <property name="sun.arch.data.model" value="64"/>
    <property name="user.variant" value=""/>
    <property name="java.vendor.url" value="http://java.oracle.com/"/>
    <property name="user.timezone" value="America/Bogota"/>
    <property name="java.vm.specification.version" value="1.8"/>
    <property name="os.name" value="Windows 10"/>
    <property name="sun.java.launcher" value="SUN_STANDARD"/>
    <property name="user.country" value="CO"/>
    <property name="sun.boot.library.path" value="C:\Program Files\Java\jdk1.8.0_91\jre\bin"/>
    <property name="sun.java.command" value="C:\Users\cochoa\AppData\Local\Temp\surefire8701210416170965447\surefirebooter7924145300945526347.jar C:\Users\cochoa\AppData\Local\Temp\surefire8701210416170965447 2019-03-26T11-48-20_819-jvmRun1 surefire1757705987735090527tmp surefire_08676309304876030887tmp"/>
    <property name="surefire.test.class.path" value="C:\Users\cochoa\Documents\NetBeansProjects\EjercicioAlMundo\target\test-classes;C:\Users\cochoa\Documents\NetBeansProjects\EjercicioAlMundo\target\classes;C:\Users\cochoa\.m2\repository\org\junit\jupiter\junit-jupiter\5.5.0-M1\junit-jupiter-5.5.0-M1.jar;C:\Users\cochoa\.m2\repository\org\junit\jupiter\junit-jupiter-api\5.5.0-M1\junit-jupiter-api-5.5.0-M1.jar;C:\Users\cochoa\.m2\repository\org\apiguardian\apiguardian-api\1.0.0\apiguardian-api-1.0.0.jar;C:\Users\cochoa\.m2\repository\org\opentest4j\opentest4j\1.1.1\opentest4j-1.1.1.jar;C:\Users\cochoa\.m2\repository\org\junit\platform\junit-platform-commons\1.5.0-M1\junit-platform-commons-1.5.0-M1.jar;C:\Users\cochoa\.m2\repository\org\junit\jupiter\junit-jupiter-params\5.5.0-M1\junit-jupiter-params-5.5.0-M1.jar;C:\Users\cochoa\.m2\repository\org\junit\jupiter\junit-jupiter-engine\5.5.0-M1\junit-jupiter-engine-5.5.0-M1.jar;C:\Users\cochoa\.m2\repository\org\junit\platform\junit-platform-engine\1.5.0-M1\junit-platform-engine-1.5.0-M1.jar;"/>
    <property name="sun.cpu.endian" value="little"/>
    <property name="user.home" value="C:\Users\cochoa"/>
    <property name="user.language" value="es"/>
    <property name="java.specification.vendor" value="Oracle Corporation"/>
    <property name="java.home" value="C:\Program Files\Java\jdk1.8.0_91\jre"/>
    <property name="basedir" value="C:\Users\cochoa\Documents\NetBeansProjects\EjercicioAlMundo"/>
    <property name="file.separator" value="\"/>
    <property name="line.separator" value="&#10;"/>
    <property name="java.vm.specification.vendor" value="Oracle Corporation"/>
    <property name="java.specification.name" value="Java Platform API Specification"/>
    <property name="java.awt.graphicsenv" value="sun.awt.Win32GraphicsEnvironment"/>
    <property name="surefire.real.class.path" value="C:\Users\cochoa\AppData\Local\Temp\surefire8701210416170965447\surefirebooter7924145300945526347.jar"/>
    <property name="sun.boot.class.path" value="C:\Program Files\Java\jdk1.8.0_91\jre\lib\resources.jar;C:\Program Files\Java\jdk1.8.0_91\jre\lib\rt.jar;C:\Program Files\Java\jdk1.8.0_91\jre\lib\sunrsasign.jar;C:\Program Files\Java\jdk1.8.0_91\jre\lib\jsse.jar;C:\Program Files\Java\jdk1.8.0_91\jre\lib\jce.jar;C:\Program Files\Java\jdk1.8.0_91\jre\lib\charsets.jar;C:\Program Files\Java\jdk1.8.0_91\jre\lib\jfr.jar;C:\Program Files\Java\jdk1.8.0_91\jre\classes"/>
    <property name="user.script" value=""/>
    <property name="sun.management.compiler" value="HotSpot 64-Bit Tiered Compilers"/>
    <property name="java.runtime.version" value="1.8.0_91-b14"/>
    <property name="user.name" value="cochoa"/>
    <property name="path.separator" value=";"/>
    <property name="os.version" value="10.0"/>
    <property name="java.endorsed.dirs" value="C:\Program Files\Java\jdk1.8.0_91\jre\lib\endorsed"/>
    <property name="java.runtime.name" value="Java(TM) SE Runtime Environment"/>
    <property name="file.encoding" value="UTF-8"/>
    <property name="java.vm.name" value="Java HotSpot(TM) 64-Bit Server VM"/>
    <property name="maven.ext.class.path" value="C:\Program Files\NetBeans 8.2\java\maven-nblib\netbeans-eventspy.jar"/>
    <property name="localRepository" value="C:\Users\cochoa\.m2\repository"/>
    <property name="java.vendor.url.bug" value="http://bugreport.sun.com/bugreport/"/>
    <property name="java.io.tmpdir" value="C:\Users\cochoa\AppData\Local\Temp\"/>
    <property name="java.version" value="1.8.0_91"/>
    <property name="user.dir" value="C:\Users\cochoa\Documents\NetBeansProjects\EjercicioAlMundo"/>
    <property name="os.arch" value="amd64"/>
    <property name="java.vm.specification.name" value="Java Virtual Machine Specification"/>
    <property name="java.awt.printerjob" value="sun.awt.windows.WPrinterJob"/>
    <property name="sun.os.patch.level" value=""/>
    <property name="java.library.path" value="C:\Program Files\Java\jdk1.8.0_91\jre\bin;C:\WINDOWS\Sun\Java\bin;C:\WINDOWS\system32;C:\WINDOWS;C:\Program Files (x86)\Common Files\Oracle\Java\javapath;C:\ProgramData\Oracle\Java\javapath;C:\Program Files (x86)\Intel\Intel(R) Management Engine Components\iCLS\;C:\Program Files\Intel\Intel(R) Management Engine Components\iCLS\;C:\WINDOWS\system32;C:\WINDOWS;C:\WINDOWS\System32\Wbem;C:\WINDOWS\System32\WindowsPowerShell\v1.0\;C:\Program Files (x86)\Intel\Intel(R) Management Engine Components\DAL;C:\Program Files\Intel\Intel(R) Management Engine Components\DAL;C:\Program Files (x86)\Intel\Intel(R) Management Engine Components\IPT;C:\Program Files\Intel\Intel(R) Management Engine Components\IPT;C:\Program Files (x86)\bin;C:\Program Files\TortoiseSVN\bin;C:\Program Files\Git\cmd;C:\Program Files\Git\mingw64\bin;C:\Program Files\Git\usr\bin;C:\Program Files (x86)\Microsoft SQL Server\Client SDK\ODBC\130\Tools\Binn\;C:\Program Files (x86)\Microsoft SQL Server\130\Tools\Binn\;C:\Program Files (x86)\Microsoft SQL Server\130\DTS\Binn\;C:\Program Files (x86)\Microsoft SQL Server\130\Tools\Binn\ManagementStudio\;C:\Program Files\nodejs\;C:\Program Files (x86)\Altitude\Altitude uCI 7.1\Altitude uSupervisor;C:\Program Files\dotnet\;C:\Program Files\Microsoft SQL Server\130\Tools\Binn\;C:\WINDOWS\System32\OpenSSH\;C:\RailsInstaller\Git\cmd;C:\RailsInstaller\Ruby2.3.3\bin;C:\Ruby25-x64\bin;C:\Users\cochoa\AppData\Roaming\npm;C:\Program Files\heroku\bin;C:\Users\cochoa\AppData\Local\Microsoft\WindowsApps;;C:\Users\cochoa\AppData\Local\Programs\Fiddler;."/>
    <property name="java.vm.info" value="mixed mode"/>
    <property name="java.vendor" value="Oracle Corporation"/>
    <property name="java.vm.version" value="25.91-b14"/>
    <property name="java.ext.dirs" value="C:\Program Files\Java\jdk1.8.0_91\jre\lib\ext;C:\WINDOWS\Sun\Java\lib\ext"/>
    <property name="sun.io.unicode.encoding" value="UnicodeLittle"/>
    <property name="java.class.version" value="52.0"/>
  </properties>
  <testcase name="muchosEmpleadosMuchasLLamadas" classname="co.com.almundo.pruebas.TestUnitario" time="25.013"/>
  <testcase name="diezLlamadasConcurrentes" classname="co.com.almundo.pruebas.TestUnitario" time="25"/>
</testsuite>